# JRE version: Java(TM) SE Runtime Environment (8.0_181-b13) (build 1.8.0_181-b13)
# Java VM: Java HotSpot(TM) 64-Bit Server VM (25.181-b13 mixed mode linux-amd64 compressed oops)
Heap:
 PSYoungGen      total 138240K, used 68576K [0x000000076ab00000, 0x0000000778600000, 0x00000007c0000000)
  eden space 69632K, 0% used [0x000000076ab00000,0x000000076ab00000,0x000000076ef00000)
  from space 68608K, 99% used [0x000000076ef00000,0x00000007731f8010,0x0000000773200000)
  to   space 54272K, 0% used [0x0000000773200000,0x0000000773200000,0x0000000776700000)
 ParOldGen       total 131584K, used 124291K [0x00000006c0000000, 0x00000006c8080000, 0x000000076ab00000)
  object space 131584K, 94% used [0x00000006c0000000,0x00000006c7960d20,0x00000006c8080000)
 Metaspace       used 3631K, capacity 4888K, committed 5120K, reserved 1056768K
  class space    used 399K, capacity 456K, committed 512K, reserved 1048576K
GC Heap History (10 events):
Event: 1,108 GC heap after
Heap after GC invocations=6 (full 1):
 PSYoungGen      total 66048K, used 2560K [0x000000076ab00000, 0x0000000772580000, 0x00000007c0000000)
  eden space 63488K, 0% used [0x000000076ab00000,0x000000076ab00000,0x000000076e900000)
  from space 2560K, 100% used [0x000000076e900000,0x000000076eb80000,0x000000076eb80000)
  to   space 28672K, 0% used [0x0000000770980000,0x0000000770980000,0x0000000772580000)
 ParOldGen       total 70144K, used 65193K [0x00000006c0000000, 0x00000006c4480000, 0x000000076ab00000)
  object space 70144K, 92% used [0x00000006c0000000,0x00000006c3faa5a8,0x00000006c4480000)
 Metaspace       used 3623K, capacity 4888K, committed 5120K, reserved 1056768K
  class space    used 399K, capacity 456K, committed 512K, reserved 1048576K
}
Event: 1,108 GC heap before
{Heap before GC invocations=7 (full 2):
 PSYoungGen      total 66048K, used 2560K [0x000000076ab00000, 0x0000000772580000, 0x00000007c0000000)
  eden space 63488K, 0% used [0x000000076ab00000,0x000000076ab00000,0x000000076e900000)
  from space 2560K, 100% used [0x000000076e900000,0x000000076eb80000,0x000000076eb80000)
  to   space 28672K, 0% used [0x0000000770980000,0x0000000770980000,0x0000000772580000)
 ParOldGen       total 70144K, used 65193K [0x00000006c0000000, 0x00000006c4480000, 0x000000076ab00000)
  object space 70144K, 92% used [0x00000006c0000000,0x00000006c3faa5a8,0x00000006c4480000)
 Metaspace       used 3623K, capacity 4888K, committed 5120K, reserved 1056768K
  class space    used 399K, capacity 456K, committed 512K, reserved 1048576K
Event: 1,309 GC heap after
Heap after GC invocations=7 (full 2):
 PSYoungGen      total 66048K, used 0K [0x000000076ab00000, 0x0000000772580000, 0x00000007c0000000)
  eden space 63488K, 0% used [0x000000076ab00000,0x000000076ab00000,0x000000076e900000)
  from space 2560K, 0% used [0x000000076e900000,0x000000076e900000,0x000000076eb80000)
  to   space 28672K, 0% used [0x0000000770980000,0x0000000770980000,0x0000000772580000)
 ParOldGen       total 131584K, used 65051K [0x00000006c0000000, 0x00000006c8080000, 0x000000076ab00000)
  object space 131584K, 49% used [0x00000006c0000000,0x00000006c3f86d00,0x00000006c8080000)
 Metaspace       used 3623K, capacity 4888K, committed 5120K, reserved 1056768K
  class space    used 399K, capacity 456K, committed 512K, reserved 1048576K
}
Event: 1,519 GC heap before
{Heap before GC invocations=8 (full 2):
 PSYoungGen      total 66048K, used 63488K [0x000000076ab00000, 0x0000000772580000, 0x00000007c0000000)
  eden space 63488K, 100% used [0x000000076ab00000,0x000000076e900000,0x000000076e900000)
  from space 2560K, 0% used [0x000000076e900000,0x000000076e900000,0x000000076eb80000)
  to   space 28672K, 0% used [0x0000000770980000,0x0000000770980000,0x0000000772580000)
 ParOldGen       total 131584K, used 65051K [0x00000006c0000000, 0x00000006c8080000, 0x000000076ab00000)
  object space 131584K, 49% used [0x00000006c0000000,0x00000006c3f86d00,0x00000006c8080000)
 Metaspace       used 3623K, capacity 4888K, committed 5120K, reserved 1056768K
  class space    used 399K, capacity 456K, committed 512K, reserved 1048576K
Event: 1,570 GC heap after
Heap after GC invocations=8 (full 2):
 PSYoungGen      total 89088K, used 28640K [0x000000076ab00000, 0x0000000774600000, 0x00000007c0000000)
  eden space 60416K, 0% used [0x000000076ab00000,0x000000076ab00000,0x000000076e600000)
  from space 28672K, 99% used [0x0000000770980000,0x0000000772578010,0x0000000772580000)
  to   space 36352K, 0% used [0x000000076e600000,0x000000076e600000,0x0000000770980000)
 ParOldGen       total 131584K, used 68579K [0x00000006c0000000, 0x00000006c8080000, 0x000000076ab00000)
  object space 131584K, 52% used [0x00000006c0000000,0x00000006c42f8d00,0x00000006c8080000)
 Metaspace       used 3623K, capacity 4888K, committed 5120K, reserved 1056768K
  class space    used 399K, capacity 456K, committed 512K, reserved 1048576K
}
Event: 1,761 GC heap before
{Heap before GC invocations=9 (full 2):
 PSYoungGen      total 89088K, used 89056K [0x000000076ab00000, 0x0000000774600000, 0x00000007c0000000)
  eden space 60416K, 100% used [0x000000076ab00000,0x000000076e600000,0x000000076e600000)
  from space 28672K, 99% used [0x0000000770980000,0x0000000772578010,0x0000000772580000)
  to   space 36352K, 0% used [0x000000076e600000,0x000000076e600000,0x0000000770980000)
 ParOldGen       total 131584K, used 68579K [0x00000006c0000000, 0x00000006c8080000, 0x000000076ab00000)
  object space 131584K, 52% used [0x00000006c0000000,0x00000006c42f8d00,0x00000006c8080000)
 Metaspace       used 3623K, capacity 4888K, committed 5120K, reserved 1056768K
  class space    used 399K, capacity 456K, committed 512K, reserved 1048576K
Event: 1,833 GC heap after
Heap after GC invocations=9 (full 2):
 PSYoungGen      total 96768K, used 36320K [0x000000076ab00000, 0x0000000776700000, 0x00000007c0000000)
  eden space 60416K, 0% used [0x000000076ab00000,0x000000076ab00000,0x000000076e600000)
  from space 36352K, 99% used [0x000000076e600000,0x0000000770978010,0x0000000770980000)
  to   space 54272K, 0% used [0x0000000773200000,0x0000000773200000,0x0000000776700000)
 ParOldGen       total 131584K, used 91579K [0x00000006c0000000, 0x00000006c8080000, 0x000000076ab00000)
  object space 131584K, 69% used [0x00000006c0000000,0x00000006c596ed10,0x00000006c8080000)
 Metaspace       used 3623K, capacity 4888K, committed 5120K, reserved 1056768K
  class space    used 399K, capacity 456K, committed 512K, reserved 1048576K
}
Event: 2,038 GC heap before
{Heap before GC invocations=10 (full 2):
 PSYoungGen      total 96768K, used 96736K [0x000000076ab00000, 0x0000000776700000, 0x00000007c0000000)
  eden space 60416K, 100% used [0x000000076ab00000,0x000000076e600000,0x000000076e600000)
  from space 36352K, 99% used [0x000000076e600000,0x0000000770978010,0x0000000770980000)
  to   space 54272K, 0% used [0x0000000773200000,0x0000000773200000,0x0000000776700000)
 ParOldGen       total 131584K, used 91579K [0x00000006c0000000, 0x00000006c8080000, 0x000000076ab00000)
  object space 131584K, 69% used [0x00000006c0000000,0x00000006c596ed10,0x00000006c8080000)
 Metaspace       used 3623K, capacity 4888K, committed 5120K, reserved 1056768K
  class space    used 399K, capacity 456K, committed 512K, reserved 1048576K
Event: 2,148 GC heap after
Heap after GC invocations=10 (full 2):
 PSYoungGen      total 123904K, used 54272K [0x000000076ab00000, 0x0000000778600000, 0x00000007c0000000)
  eden space 69632K, 0% used [0x000000076ab00000,0x000000076ab00000,0x000000076ef00000)
  from space 54272K, 100% used [0x0000000773200000,0x0000000776700000,0x0000000776700000)
  to   space 68608K, 0% used [0x000000076ef00000,0x000000076ef00000,0x0000000773200000)
 ParOldGen       total 131584K, used 102131K [0x00000006c0000000, 0x00000006c8080000, 0x000000076ab00000)
  object space 131584K, 77% used [0x00000006c0000000,0x00000006c63bcd20,0x00000006c8080000)
 Metaspace       used 3623K, capacity 4888K, committed 5120K, reserved 1056768K
  class space    used 399K, capacity 456K, committed 512K, reserved 1048576K
}
Event: 2,397 GC heap before
{Heap before GC invocations=11 (full 2):
 PSYoungGen      total 123904K, used 123904K [0x000000076ab00000, 0x0000000778600000, 0x00000007c0000000)
  eden space 69632K, 100% used [0x000000076ab00000,0x000000076ef00000,0x000000076ef00000)
  from space 54272K, 100% used [0x0000000773200000,0x0000000776700000,0x0000000776700000)
  to   space 68608K, 0% used [0x000000076ef00000,0x000000076ef00000,0x0000000773200000)
 ParOldGen       total 131584K, used 102131K [0x00000006c0000000, 0x00000006c8080000, 0x000000076ab00000)
  object space 131584K, 77% used [0x00000006c0000000,0x00000006c63bcd20,0x00000006c8080000)
 Metaspace       used 3631K, capacity 4888K, committed 5120K, reserved 1056768K
  class space    used 399K, capacity 456K, committed 512K, reserved 1048576K

