# JRE version: Java(TM) SE Runtime Environment (8.0_181-b13) (build 1.8.0_181-b13)
# Java VM: Java HotSpot(TM) 64-Bit Server VM (25.181-b13 mixed mode linux-amd64 compressed oops)
Heap:
 PSYoungGen      total 45056K, used 2528K [0x000000076ab00000, 0x000000076dc00000, 0x00000007c0000000)
  eden space 42496K, 0% used [0x000000076ab00000,0x000000076ab00000,0x000000076d480000)
  from space 2560K, 98% used [0x000000076d700000,0x000000076d978040,0x000000076d980000)
  to   space 2560K, 0% used [0x000000076d980000,0x000000076d980000,0x000000076dc00000)
 ParOldGen       total 133632K, used 107614K [0x00000006c0000000, 0x00000006c8280000, 0x000000076ab00000)
  object space 133632K, 80% used [0x00000006c0000000,0x00000006c69179c8,0x00000006c8280000)
 Metaspace       used 4920K, capacity 5106K, committed 5376K, reserved 1056768K
  class space    used 564K, capacity 641K, committed 768K, reserved 1048576K
GC Heap History (10 events):
Event: 0,314 GC heap after
Heap after GC invocations=2 (full 0):
 PSYoungGen      total 34304K, used 2560K [0x000000076ab00000, 0x000000076cf00000, 0x00000007c0000000)
  eden space 31744K, 0% used [0x000000076ab00000,0x000000076ab00000,0x000000076ca00000)
  from space 2560K, 100% used [0x000000076cc80000,0x000000076cf00000,0x000000076cf00000)
  to   space 2560K, 0% used [0x000000076ca00000,0x000000076ca00000,0x000000076cc80000)
 ParOldGen       total 42496K, used 26697K [0x00000006c0000000, 0x00000006c2980000, 0x000000076ab00000)
  object space 42496K, 62% used [0x00000006c0000000,0x00000006c1a12728,0x00000006c2980000)
 Metaspace       used 3482K, capacity 4824K, committed 5120K, reserved 1056768K
  class space    used 388K, capacity 456K, committed 512K, reserved 1048576K
}
Event: 0,314 GC heap before
{Heap before GC invocations=3 (full 1):
 PSYoungGen      total 34304K, used 2560K [0x000000076ab00000, 0x000000076cf00000, 0x00000007c0000000)
  eden space 31744K, 0% used [0x000000076ab00000,0x000000076ab00000,0x000000076ca00000)
  from space 2560K, 100% used [0x000000076cc80000,0x000000076cf00000,0x000000076cf00000)
  to   space 2560K, 0% used [0x000000076ca00000,0x000000076ca00000,0x000000076cc80000)
 ParOldGen       total 42496K, used 26697K [0x00000006c0000000, 0x00000006c2980000, 0x000000076ab00000)
  object space 42496K, 62% used [0x00000006c0000000,0x00000006c1a12728,0x00000006c2980000)
 Metaspace       used 3482K, capacity 4824K, committed 5120K, reserved 1056768K
  class space    used 388K, capacity 456K, committed 512K, reserved 1048576K
Event: 0,533 GC heap after
Heap after GC invocations=3 (full 1):
 PSYoungGen      total 34304K, used 0K [0x000000076ab00000, 0x000000076cf00000, 0x00000007c0000000)
  eden space 31744K, 0% used [0x000000076ab00000,0x000000076ab00000,0x000000076ca00000)
  from space 2560K, 0% used [0x000000076cc80000,0x000000076cc80000,0x000000076cf00000)
  to   space 2560K, 0% used [0x000000076ca00000,0x000000076ca00000,0x000000076cc80000)
 ParOldGen       total 70656K, used 28787K [0x00000006c0000000, 0x00000006c4500000, 0x000000076ab00000)
  object space 70656K, 40% used [0x00000006c0000000,0x00000006c1c1cc78,0x00000006c4500000)
 Metaspace       used 3482K, capacity 4824K, committed 5120K, reserved 1056768K
  class space    used 388K, capacity 456K, committed 512K, reserved 1048576K
}
Event: 0,590 GC heap before
{Heap before GC invocations=4 (full 1):
 PSYoungGen      total 34304K, used 31744K [0x000000076ab00000, 0x000000076cf00000, 0x00000007c0000000)
  eden space 31744K, 100% used [0x000000076ab00000,0x000000076ca00000,0x000000076ca00000)
  from space 2560K, 0% used [0x000000076cc80000,0x000000076cc80000,0x000000076cf00000)
  to   space 2560K, 0% used [0x000000076ca00000,0x000000076ca00000,0x000000076cc80000)
 ParOldGen       total 70656K, used 28787K [0x00000006c0000000, 0x00000006c4500000, 0x000000076ab00000)
  object space 70656K, 40% used [0x00000006c0000000,0x00000006c1c1cc78,0x00000006c4500000)
 Metaspace       used 3482K, capacity 4824K, committed 5120K, reserved 1056768K
  class space    used 388K, capacity 456K, committed 512K, reserved 1048576K
Event: 0,653 GC heap after
Heap after GC invocations=4 (full 1):
 PSYoungGen      total 34304K, used 2560K [0x000000076ab00000, 0x000000076dc00000, 0x00000007c0000000)
  eden space 31744K, 0% used [0x000000076ab00000,0x000000076ab00000,0x000000076ca00000)
  from space 2560K, 100% used [0x000000076ca00000,0x000000076cc80000,0x000000076cc80000)
  to   space 2560K, 0% used [0x000000076d980000,0x000000076d980000,0x000000076dc00000)
 ParOldGen       total 70656K, used 58107K [0x00000006c0000000, 0x00000006c4500000, 0x000000076ab00000)
  object space 70656K, 82% used [0x00000006c0000000,0x00000006c38bec78,0x00000006c4500000)
 Metaspace       used 3482K, capacity 4824K, committed 5120K, reserved 1056768K
  class space    used 388K, capacity 456K, committed 512K, reserved 1048576K
}
Event: 0,653 GC heap before
{Heap before GC invocations=5 (full 2):
 PSYoungGen      total 34304K, used 2560K [0x000000076ab00000, 0x000000076dc00000, 0x00000007c0000000)
  eden space 31744K, 0% used [0x000000076ab00000,0x000000076ab00000,0x000000076ca00000)
  from space 2560K, 100% used [0x000000076ca00000,0x000000076cc80000,0x000000076cc80000)
  to   space 2560K, 0% used [0x000000076d980000,0x000000076d980000,0x000000076dc00000)
 ParOldGen       total 70656K, used 58107K [0x00000006c0000000, 0x00000006c4500000, 0x000000076ab00000)
  object space 70656K, 82% used [0x00000006c0000000,0x00000006c38bec78,0x00000006c4500000)
 Metaspace       used 3482K, capacity 4824K, committed 5120K, reserved 1056768K
  class space    used 388K, capacity 456K, committed 512K, reserved 1048576K
Event: 0,878 GC heap after
Heap after GC invocations=5 (full 2):
 PSYoungGen      total 34304K, used 0K [0x000000076ab00000, 0x000000076dc00000, 0x00000007c0000000)
  eden space 31744K, 0% used [0x000000076ab00000,0x000000076ab00000,0x000000076ca00000)
  from space 2560K, 0% used [0x000000076ca00000,0x000000076ca00000,0x000000076cc80000)
  to   space 2560K, 0% used [0x000000076d980000,0x000000076d980000,0x000000076dc00000)
 ParOldGen       total 133632K, used 60529K [0x00000006c0000000, 0x00000006c8280000, 0x000000076ab00000)
  object space 133632K, 45% used [0x00000006c0000000,0x00000006c3b1c7b8,0x00000006c8280000)
 Metaspace       used 3482K, capacity 4824K, committed 5120K, reserved 1056768K
  class space    used 388K, capacity 456K, committed 512K, reserved 1048576K
}
Event: 0,951 GC heap before
{Heap before GC invocations=6 (full 2):
 PSYoungGen      total 34304K, used 30341K [0x000000076ab00000, 0x000000076dc00000, 0x00000007c0000000)
  eden space 31744K, 95% used [0x000000076ab00000,0x000000076c8a1570,0x000000076ca00000)
  from space 2560K, 0% used [0x000000076ca00000,0x000000076ca00000,0x000000076cc80000)
  to   space 2560K, 0% used [0x000000076d980000,0x000000076d980000,0x000000076dc00000)
 ParOldGen       total 133632K, used 60529K [0x00000006c0000000, 0x00000006c8280000, 0x000000076ab00000)
  object space 133632K, 45% used [0x00000006c0000000,0x00000006c3b1c7b8,0x00000006c8280000)
 Metaspace       used 3493K, capacity 4824K, committed 5120K, reserved 1056768K
  class space    used 388K, capacity 456K, committed 512K, reserved 1048576K
Event: 1,012 GC heap after
Heap after GC invocations=6 (full 2):
 PSYoungGen      total 45056K, used 2558K [0x000000076ab00000, 0x000000076dc00000, 0x00000007c0000000)
  eden space 42496K, 0% used [0x000000076ab00000,0x000000076ab00000,0x000000076d480000)
  from space 2560K, 99% used [0x000000076d980000,0x000000076dbffb58,0x000000076dc00000)
  to   space 2560K, 0% used [0x000000076d700000,0x000000076d700000,0x000000076d980000)
 ParOldGen       total 133632K, used 85473K [0x00000006c0000000, 0x00000006c8280000, 0x000000076ab00000)
  object space 133632K, 63% used [0x00000006c0000000,0x00000006c53787b8,0x00000006c8280000)
 Metaspace       used 3493K, capacity 4824K, committed 5120K, reserved 1056768K
  class space    used 388K, capacity 456K, committed 512K, reserved 1048576K
}
Event: 1,232 GC heap before
{Heap before GC invocations=7 (full 2):
 PSYoungGen      total 45056K, used 45054K [0x000000076ab00000, 0x000000076dc00000, 0x00000007c0000000)
  eden space 42496K, 100% used [0x000000076ab00000,0x000000076d480000,0x000000076d480000)
  from space 2560K, 99% used [0x000000076d980000,0x000000076dbffb58,0x000000076dc00000)
  to   space 2560K, 0% used [0x000000076d700000,0x000000076d700000,0x000000076d980000)
 ParOldGen       total 133632K, used 85473K [0x00000006c0000000, 0x00000006c8280000, 0x000000076ab00000)
  object space 133632K, 63% used [0x00000006c0000000,0x00000006c53787b8,0x00000006c8280000)
 Metaspace       used 4920K, capacity 5106K, committed 5376K, reserved 1056768K
  class space    used 564K, capacity 641K, committed 768K, reserved 1048576K

