# JRE version: Java(TM) SE Runtime Environment (8.0_181-b13) (build 1.8.0_181-b13)
# Java VM: Java HotSpot(TM) 64-Bit Server VM (25.181-b13 mixed mode linux-amd64 compressed oops)
Heap:
 PSYoungGen      total 275456K, used 0K [0x000000076ab00000, 0x0000000787800000, 0x00000007c0000000)
  eden space 85504K, 0% used [0x000000076ab00000,0x000000076ab00000,0x000000076fe80000)
  from space 189952K, 0% used [0x000000076fe80000,0x000000076fe80000,0x000000077b800000)
  to   space 183296K, 0% used [0x000000077c500000,0x000000077c500000,0x0000000787800000)
 ParOldGen       total 348672K, used 312901K [0x00000006c0000000, 0x00000006d5480000, 0x000000076ab00000)
  object space 348672K, 89% used [0x00000006c0000000,0x00000006d31916f0,0x00000006d5480000)
 Metaspace       used 4901K, capacity 5190K, committed 5248K, reserved 1056768K
  class space    used 550K, capacity 615K, committed 640K, reserved 1048576K
GC Heap History (10 events):
Event: 7,147 GC heap after
Heap after GC invocations=17 (full 3):
 PSYoungGen      total 263168K, used 130942K [0x000000076ab00000, 0x0000000788680000, 0x00000007c0000000)
  eden space 63488K, 0% used [0x000000076ab00000,0x000000076ab00000,0x000000076e900000)
  from space 199680K, 65% used [0x000000077b380000,0x000000078335fb58,0x0000000787680000)
  to   space 207360K, 0% used [0x000000076e900000,0x000000076e900000,0x000000077b380000)
 ParOldGen       total 217600K, used 217270K [0x00000006c0000000, 0x00000006cd480000, 0x000000076ab00000)
  object space 217600K, 99% used [0x00000006c0000000,0x00000006cd42da20,0x00000006cd480000)
 Metaspace       used 4903K, capacity 5196K, committed 5248K, reserved 1056768K
  class space    used 550K, capacity 616K, committed 640K, reserved 1048576K
}
Event: 7,147 GC heap before
{Heap before GC invocations=18 (full 4):
 PSYoungGen      total 263168K, used 130942K [0x000000076ab00000, 0x0000000788680000, 0x00000007c0000000)
  eden space 63488K, 0% used [0x000000076ab00000,0x000000076ab00000,0x000000076e900000)
  from space 199680K, 65% used [0x000000077b380000,0x000000078335fb58,0x0000000787680000)
  to   space 207360K, 0% used [0x000000076e900000,0x000000076e900000,0x000000077b380000)
 ParOldGen       total 217600K, used 217270K [0x00000006c0000000, 0x00000006cd480000, 0x000000076ab00000)
  object space 217600K, 99% used [0x00000006c0000000,0x00000006cd42da20,0x00000006cd480000)
 Metaspace       used 4903K, capacity 5196K, committed 5248K, reserved 1056768K
  class space    used 550K, capacity 616K, committed 640K, reserved 1048576K
Event: 7,826 GC heap after
Heap after GC invocations=18 (full 4):
 PSYoungGen      total 263168K, used 7847K [0x000000076ab00000, 0x0000000788680000, 0x00000007c0000000)
  eden space 63488K, 0% used [0x000000076ab00000,0x000000076ab00000,0x000000076e900000)
  from space 199680K, 3% used [0x000000077b380000,0x000000077bb29d80,0x0000000787680000)
  to   space 207360K, 0% used [0x000000076e900000,0x000000076e900000,0x000000077b380000)
 ParOldGen       total 348672K, used 217158K [0x00000006c0000000, 0x00000006d5480000, 0x000000076ab00000)
  object space 348672K, 62% used [0x00000006c0000000,0x00000006cd411b80,0x00000006d5480000)
 Metaspace       used 4901K, capacity 5190K, committed 5248K, reserved 1056768K
  class space    used 550K, capacity 615K, committed 640K, reserved 1048576K
}
Event: 7,878 GC heap before
{Heap before GC invocations=19 (full 4):
 PSYoungGen      total 263168K, used 71335K [0x000000076ab00000, 0x0000000788680000, 0x00000007c0000000)
  eden space 63488K, 100% used [0x000000076ab00000,0x000000076e900000,0x000000076e900000)
  from space 199680K, 3% used [0x000000077b380000,0x000000077bb29d80,0x0000000787680000)
  to   space 207360K, 0% used [0x000000076e900000,0x000000076e900000,0x000000077b380000)
 ParOldGen       total 348672K, used 217158K [0x00000006c0000000, 0x00000006d5480000, 0x000000076ab00000)
  object space 348672K, 62% used [0x00000006c0000000,0x00000006cd411b80,0x00000006d5480000)
 Metaspace       used 4901K, capacity 5190K, committed 5248K, reserved 1056768K
  class space    used 550K, capacity 615K, committed 640K, reserved 1048576K
Event: 7,931 GC heap after
Heap after GC invocations=19 (full 4):
 PSYoungGen      total 270848K, used 37504K [0x000000076ab00000, 0x0000000788980000, 0x00000007c0000000)
  eden space 63488K, 0% used [0x000000076ab00000,0x000000076ab00000,0x000000076e900000)
  from space 207360K, 18% used [0x000000076e900000,0x0000000770da0000,0x000000077b380000)
  to   space 202240K, 0% used [0x000000077c400000,0x000000077c400000,0x0000000788980000)
 ParOldGen       total 348672K, used 225086K [0x00000006c0000000, 0x00000006d5480000, 0x000000076ab00000)
  object space 348672K, 64% used [0x00000006c0000000,0x00000006cdbcfb80,0x00000006d5480000)
 Metaspace       used 4901K, capacity 5190K, committed 5248K, reserved 1056768K
  class space    used 550K, capacity 615K, committed 640K, reserved 1048576K
}
Event: 7,982 GC heap before
{Heap before GC invocations=20 (full 4):
 PSYoungGen      total 270848K, used 100992K [0x000000076ab00000, 0x0000000788980000, 0x00000007c0000000)
  eden space 63488K, 100% used [0x000000076ab00000,0x000000076e900000,0x000000076e900000)
  from space 207360K, 18% used [0x000000076e900000,0x0000000770da0000,0x000000077b380000)
  to   space 202240K, 0% used [0x000000077c400000,0x000000077c400000,0x0000000788980000)
 ParOldGen       total 348672K, used 225086K [0x00000006c0000000, 0x00000006d5480000, 0x000000076ab00000)
  object space 348672K, 64% used [0x00000006c0000000,0x00000006cdbcfb80,0x00000006d5480000)
 Metaspace       used 4901K, capacity 5190K, committed 5248K, reserved 1056768K
  class space    used 550K, capacity 615K, committed 640K, reserved 1048576K
Event: 8,030 GC heap after
Heap after GC invocations=20 (full 4):
 PSYoungGen      total 263168K, used 76030K [0x000000076ab00000, 0x0000000787180000, 0x00000007c0000000)
  eden space 85504K, 0% used [0x000000076ab00000,0x000000076ab00000,0x000000076fe80000)
  from space 177664K, 42% used [0x000000077c400000,0x0000000780e3f8f8,0x0000000787180000)
  to   space 189952K, 0% used [0x000000076fe80000,0x000000076fe80000,0x000000077b800000)
 ParOldGen       total 348672K, used 225086K [0x00000006c0000000, 0x00000006d5480000, 0x000000076ab00000)
  object space 348672K, 64% used [0x00000006c0000000,0x00000006cdbcfb80,0x00000006d5480000)
 Metaspace       used 4901K, capacity 5190K, committed 5248K, reserved 1056768K
  class space    used 550K, capacity 615K, committed 640K, reserved 1048576K
}
Event: 8,100 GC heap before
{Heap before GC invocations=21 (full 4):
 PSYoungGen      total 263168K, used 161534K [0x000000076ab00000, 0x0000000787180000, 0x00000007c0000000)
  eden space 85504K, 100% used [0x000000076ab00000,0x000000076fe80000,0x000000076fe80000)
  from space 177664K, 42% used [0x000000077c400000,0x0000000780e3f8f8,0x0000000787180000)
  to   space 189952K, 0% used [0x000000076fe80000,0x000000076fe80000,0x000000077b800000)
 ParOldGen       total 348672K, used 225086K [0x00000006c0000000, 0x00000006d5480000, 0x000000076ab00000)
  object space 348672K, 64% used [0x00000006c0000000,0x00000006cdbcfb80,0x00000006d5480000)
 Metaspace       used 4901K, capacity 5190K, committed 5248K, reserved 1056768K
  class space    used 550K, capacity 615K, committed 640K, reserved 1048576K
Event: 8,202 GC heap after
Heap after GC invocations=21 (full 4):
 PSYoungGen      total 275456K, used 50848K [0x000000076ab00000, 0x0000000787800000, 0x00000007c0000000)
  eden space 85504K, 0% used [0x000000076ab00000,0x000000076ab00000,0x000000076fe80000)
  from space 189952K, 26% used [0x000000076fe80000,0x0000000773028000,0x000000077b800000)
  to   space 183296K, 0% used [0x000000077c500000,0x000000077c500000,0x0000000787800000)
 ParOldGen       total 348672K, used 301941K [0x00000006c0000000, 0x00000006d5480000, 0x000000076ab00000)
  object space 348672K, 86% used [0x00000006c0000000,0x00000006d26dd478,0x00000006d5480000)
 Metaspace       used 4901K, capacity 5190K, committed 5248K, reserved 1056768K
  class space    used 550K, capacity 615K, committed 640K, reserved 1048576K
}
Event: 8,202 GC heap before
{Heap before GC invocations=22 (full 5):
 PSYoungGen      total 275456K, used 50848K [0x000000076ab00000, 0x0000000787800000, 0x00000007c0000000)
  eden space 85504K, 0% used [0x000000076ab00000,0x000000076ab00000,0x000000076fe80000)
  from space 189952K, 26% used [0x000000076fe80000,0x0000000773028000,0x000000077b800000)
  to   space 183296K, 0% used [0x000000077c500000,0x000000077c500000,0x0000000787800000)
 ParOldGen       total 348672K, used 301941K [0x00000006c0000000, 0x00000006d5480000, 0x000000076ab00000)
  object space 348672K, 86% used [0x00000006c0000000,0x00000006d26dd478,0x00000006d5480000)
 Metaspace       used 4901K, capacity 5190K, committed 5248K, reserved 1056768K
  class space    used 550K, capacity 615K, committed 640K, reserved 1048576K

