# JRE version: Java(TM) SE Runtime Environment (8.0_181-b13) (build 1.8.0_181-b13)
# Java VM: Java HotSpot(TM) 64-Bit Server VM (25.181-b13 mixed mode linux-amd64 compressed oops)
Heap:
 PSYoungGen      total 135680K, used 4448K [0x000000076ab00000, 0x0000000773900000, 0x00000007c0000000)
  eden space 126464K, 0% used [0x000000076ab00000,0x000000076ab00000,0x0000000772680000)
  from space 9216K, 48% used [0x0000000772680000,0x0000000772ad8230,0x0000000772f80000)
  to   space 8704K, 0% used [0x0000000772f80000,0x0000000772f80000,0x0000000773800000)
 ParOldGen       total 42496K, used 9072K [0x00000006c0000000, 0x00000006c2980000, 0x000000076ab00000)
  object space 42496K, 21% used [0x00000006c0000000,0x00000006c08dc2f8,0x00000006c2980000)
 Metaspace       used 5206K, capacity 5436K, committed 5632K, reserved 1056768K
  class space    used 579K, capacity 666K, committed 768K, reserved 1048576K
GC Heap History (10 events):
Event: 0,260 GC heap after
Heap after GC invocations=2 (full 0):
 PSYoungGen      total 34304K, used 1776K [0x000000076ab00000, 0x000000076cf00000, 0x00000007c0000000)
  eden space 31744K, 0% used [0x000000076ab00000,0x000000076ab00000,0x000000076ca00000)
  from space 2560K, 69% used [0x000000076cc80000,0x000000076ce3c020,0x000000076cf00000)
  to   space 2560K, 0% used [0x000000076ca00000,0x000000076ca00000,0x000000076cc80000)
 ParOldGen       total 42496K, used 8K [0x00000006c0000000, 0x00000006c2980000, 0x000000076ab00000)
  object space 42496K, 0% used [0x00000006c0000000,0x00000006c0002000,0x00000006c2980000)
 Metaspace       used 3352K, capacity 4824K, committed 5120K, reserved 1056768K
  class space    used 370K, capacity 456K, committed 512K, reserved 1048576K
}
Event: 0,399 GC heap before
{Heap before GC invocations=3 (full 0):
 PSYoungGen      total 34304K, used 33520K [0x000000076ab00000, 0x000000076cf00000, 0x00000007c0000000)
  eden space 31744K, 100% used [0x000000076ab00000,0x000000076ca00000,0x000000076ca00000)
  from space 2560K, 69% used [0x000000076cc80000,0x000000076ce3c020,0x000000076cf00000)
  to   space 2560K, 0% used [0x000000076ca00000,0x000000076ca00000,0x000000076cc80000)
 ParOldGen       total 42496K, used 8K [0x00000006c0000000, 0x00000006c2980000, 0x000000076ab00000)
  object space 42496K, 0% used [0x00000006c0000000,0x00000006c0002000,0x00000006c2980000)
 Metaspace       used 5119K, capacity 5212K, committed 5248K, reserved 1056768K
  class space    used 576K, capacity 634K, committed 640K, reserved 1048576K
Event: 0,403 GC heap after
Heap after GC invocations=3 (full 0):
 PSYoungGen      total 34304K, used 2544K [0x000000076ab00000, 0x000000076ee00000, 0x00000007c0000000)
  eden space 31744K, 0% used [0x000000076ab00000,0x000000076ab00000,0x000000076ca00000)
  from space 2560K, 99% used [0x000000076ca00000,0x000000076cc7c020,0x000000076cc80000)
  to   space 2560K, 0% used [0x000000076eb80000,0x000000076eb80000,0x000000076ee00000)
 ParOldGen       total 42496K, used 451K [0x00000006c0000000, 0x00000006c2980000, 0x000000076ab00000)
  object space 42496K, 1% used [0x00000006c0000000,0x00000006c0070e30,0x00000006c2980000)
 Metaspace       used 5119K, capacity 5212K, committed 5248K, reserved 1056768K
  class space    used 576K, capacity 634K, committed 640K, reserved 1048576K
}
Event: 0,455 GC heap before
{Heap before GC invocations=4 (full 0):
 PSYoungGen      total 34304K, used 30315K [0x000000076ab00000, 0x000000076ee00000, 0x00000007c0000000)
  eden space 31744K, 87% used [0x000000076ab00000,0x000000076c61eea0,0x000000076ca00000)
  from space 2560K, 99% used [0x000000076ca00000,0x000000076cc7c020,0x000000076cc80000)
  to   space 2560K, 0% used [0x000000076eb80000,0x000000076eb80000,0x000000076ee00000)
 ParOldGen       total 42496K, used 451K [0x00000006c0000000, 0x00000006c2980000, 0x000000076ab00000)
  object space 42496K, 1% used [0x00000006c0000000,0x00000006c0070e30,0x00000006c2980000)
 Metaspace       used 5164K, capacity 5372K, committed 5632K, reserved 1056768K
  class space    used 579K, capacity 666K, committed 768K, reserved 1048576K
Event: 0,459 GC heap after
Heap after GC invocations=4 (full 0):
 PSYoungGen      total 66048K, used 2544K [0x000000076ab00000, 0x000000076ee00000, 0x00000007c0000000)
  eden space 63488K, 0% used [0x000000076ab00000,0x000000076ab00000,0x000000076e900000)
  from space 2560K, 99% used [0x000000076eb80000,0x000000076edfc040,0x000000076ee00000)
  to   space 2560K, 0% used [0x000000076e900000,0x000000076e900000,0x000000076eb80000)
 ParOldGen       total 42496K, used 4627K [0x00000006c0000000, 0x00000006c2980000, 0x000000076ab00000)
  object space 42496K, 10% used [0x00000006c0000000,0x00000006c0484e90,0x00000006c2980000)
 Metaspace       used 5164K, capacity 5372K, committed 5632K, reserved 1056768K
  class space    used 579K, capacity 666K, committed 768K, reserved 1048576K
}
Event: 0,525 GC heap before
{Heap before GC invocations=5 (full 0):
 PSYoungGen      total 66048K, used 64371K [0x000000076ab00000, 0x000000076ee00000, 0x00000007c0000000)
  eden space 63488K, 97% used [0x000000076ab00000,0x000000076e760cf8,0x000000076e900000)
  from space 2560K, 99% used [0x000000076eb80000,0x000000076edfc040,0x000000076ee00000)
  to   space 2560K, 0% used [0x000000076e900000,0x000000076e900000,0x000000076eb80000)
 ParOldGen       total 42496K, used 4627K [0x00000006c0000000, 0x00000006c2980000, 0x000000076ab00000)
  object space 42496K, 10% used [0x00000006c0000000,0x00000006c0484e90,0x00000006c2980000)
 Metaspace       used 5194K, capacity 5372K, committed 5632K, reserved 1056768K
  class space    used 579K, capacity 666K, committed 768K, reserved 1048576K
Event: 0,527 GC heap after
Heap after GC invocations=5 (full 0):
 PSYoungGen      total 66048K, used 2528K [0x000000076ab00000, 0x0000000773800000, 0x00000007c0000000)
  eden space 63488K, 0% used [0x000000076ab00000,0x000000076ab00000,0x000000076e900000)
  from space 2560K, 98% used [0x000000076e900000,0x000000076eb78030,0x000000076eb80000)
  to   space 8704K, 0% used [0x0000000772f80000,0x0000000772f80000,0x0000000773800000)
 ParOldGen       total 42496K, used 8827K [0x00000006c0000000, 0x00000006c2980000, 0x000000076ab00000)
  object space 42496K, 20% used [0x00000006c0000000,0x00000006c089ef00,0x00000006c2980000)
 Metaspace       used 5194K, capacity 5372K, committed 5632K, reserved 1056768K
  class space    used 579K, capacity 666K, committed 768K, reserved 1048576K
}
Event: 0,555 GC heap before
{Heap before GC invocations=6 (full 0):
 PSYoungGen      total 66048K, used 64399K [0x000000076ab00000, 0x0000000773800000, 0x00000007c0000000)
  eden space 63488K, 97% used [0x000000076ab00000,0x000000076e76bc30,0x000000076e900000)
  from space 2560K, 98% used [0x000000076e900000,0x000000076eb78030,0x000000076eb80000)
  to   space 8704K, 0% used [0x0000000772f80000,0x0000000772f80000,0x0000000773800000)
 ParOldGen       total 42496K, used 8827K [0x00000006c0000000, 0x00000006c2980000, 0x000000076ab00000)
  object space 42496K, 20% used [0x00000006c0000000,0x00000006c089ef00,0x00000006c2980000)
 Metaspace       used 5199K, capacity 5436K, committed 5632K, reserved 1056768K
  class space    used 579K, capacity 666K, committed 768K, reserved 1048576K
Event: 0,558 GC heap after
Heap after GC invocations=6 (full 0):
 PSYoungGen      total 135168K, used 6736K [0x000000076ab00000, 0x0000000773900000, 0x00000007c0000000)
  eden space 126464K, 0% used [0x000000076ab00000,0x000000076ab00000,0x0000000772680000)
  from space 8704K, 77% used [0x0000000772f80000,0x0000000773614080,0x0000000773800000)
  to   space 9216K, 0% used [0x0000000772680000,0x0000000772680000,0x0000000772f80000)
 ParOldGen       total 42496K, used 8827K [0x00000006c0000000, 0x00000006c2980000, 0x000000076ab00000)
  object space 42496K, 20% used [0x00000006c0000000,0x00000006c089ef00,0x00000006c2980000)
 Metaspace       used 5199K, capacity 5436K, committed 5632K, reserved 1056768K
  class space    used 579K, capacity 666K, committed 768K, reserved 1048576K
}
Event: 0,618 GC heap before
{Heap before GC invocations=7 (full 0):
 PSYoungGen      total 135168K, used 132423K [0x000000076ab00000, 0x0000000773900000, 0x00000007c0000000)
  eden space 126464K, 99% used [0x000000076ab00000,0x00000007725bde78,0x0000000772680000)
  from space 8704K, 77% used [0x0000000772f80000,0x0000000773614080,0x0000000773800000)
  to   space 9216K, 0% used [0x0000000772680000,0x0000000772680000,0x0000000772f80000)
 ParOldGen       total 42496K, used 8827K [0x00000006c0000000, 0x00000006c2980000, 0x000000076ab00000)
  object space 42496K, 20% used [0x00000006c0000000,0x00000006c089ef00,0x00000006c2980000)
 Metaspace       used 5206K, capacity 5436K, committed 5632K, reserved 1056768K
  class space    used 579K, capacity 666K, committed 768K, reserved 1048576K

